2019-02-18 11:07:38
<xml><ToUserName><![CDATA[gh_d6117a43fe1c]]></ToUserName>
<FromUserName><![CDATA[op1dY6Hm05dPaI_co25uRmfYG6cU]]></FromUserName>
<CreateTime>1550454838</CreateTime>
<MsgType><![CDATA[event]]></MsgType>
<Event><![CDATA[subscribe]]></Event>
<EventKey><![CDATA[]]></EventKey>
</xml>
<<<<<<<2019-02-18 11:29:11
<xml><ToUserName><![CDATA[gh_d6117a43fe1c]]></ToUserName>
<FromUserName><![CDATA[op1dY6Hm05dPaI_co25uRmfYG6cU]]></FromUserName>
<CreateTime>1550454838</CreateTime>
<MsgType><![CDATA[event]]></MsgType>
<Event><![CDATA[subscribe]]></Event>
<EventKey><![CDATA[]]></EventKey>
</xml>
<<<<<<<2019-02-18 16:26:23
<xml><ToUserName><![CDATA[gh_d6117a43fe1c]]></ToUserName>
<FromUserName><![CDATA[op1dY6Hm05dPaI_co25uRmfYG6cU]]></FromUserName>
<CreateTime>1550478276</CreateTime>
<MsgType><![CDATA[event]]></MsgType>
<Event><![CDATA[unsubscribe]]></Event>
<EventKey><![CDATA[]]></EventKey>
</xml>
<<<<<<<2019-02-18 16:27:19
<xml><ToUserName><![CDATA[gh_d6117a43fe1c]]></ToUserName>
<FromUserName><![CDATA[op1dY6Hm05dPaI_co25uRmfYG6cU]]></FromUserName>
<CreateTime>1550478420</CreateTime>
<MsgType><![CDATA[event]]></MsgType>
<Event><![CDATA[subscribe]]></Event>
<EventKey><![CDATA[]]></EventKey>
</xml>
<<<<<<<2019-02-20 19:42:21
<xml><ToUserName><![CDATA[gh_d6117a43fe1c]]></ToUserName>
<FromUserName><![CDATA[op1dY6Hm05dPaI_co25uRmfYG6cU]]></FromUserName>
<CreateTime>1550662812</CreateTime>
<MsgType><![CDATA[image]]></MsgType>
<PicUrl><![CDATA[http://mmbiz.qpic.cn/mmbiz_jpg/KK7ibmP6WvDiaa8Yib1PksIrVRtTabKuGdFKshfLj2Sccka5xrwJv9lIpTibo0SB8Zs4DoupbqMLgdMoOGZIf60icnw/0]]></PicUrl>
<MsgId>22200156659836594</MsgId>
<MediaId><![CDATA[xZqEiQqDZQDZKt67baeI-Jawa9g-43b7ZPYzjTJmk0x_bGo_jkHlPH_t__JWhF_3]]></MediaId>
</xml>
<<<<<<<