2019-02-26 16:28:26
<xml><appid><![CDATA[wxd5af665b240b75d4]]></appid>
<bank_type><![CDATA[CFT]]></bank_type>
<cash_fee><![CDATA[1]]></cash_fee>
<fee_type><![CDATA[CNY]]></fee_type>
<is_subscribe><![CDATA[N]]></is_subscribe>
<mch_id><![CDATA[1500086022]]></mch_id>
<nonce_str><![CDATA[5tD9zFgGaCDIuKRx]]></nonce_str>
<openid><![CDATA[osZaFw_pqReRIe6aPkjWTkr0ITAI]]></openid>
<out_trade_no><![CDATA[wh1902261619788734154]]></out_trade_no>
<result_code><![CDATA[SUCCESS]]></result_code>
<return_code><![CDATA[SUCCESS]]></return_code>
<sign><![CDATA[89F40B775499DED79DC6AE29E766D7A9]]></sign>
<time_end><![CDATA[20190226161959]]></time_end>
<total_fee>1</total_fee>
<trade_type><![CDATA[NATIVE]]></trade_type>
<transaction_id><![CDATA[4200000253201902261678969953]]></transaction_id>
</xml>

<<<<<<<2019-02-26 16:29:21
<xml><appid><![CDATA[wxd5af665b240b75d4]]></appid>
<bank_type><![CDATA[CFT]]></bank_type>
<cash_fee><![CDATA[1]]></cash_fee>
<fee_type><![CDATA[CNY]]></fee_type>
<is_subscribe><![CDATA[N]]></is_subscribe>
<mch_id><![CDATA[1500086022]]></mch_id>
<nonce_str><![CDATA[5tD9zFgGaCDIuKRx]]></nonce_str>
<openid><![CDATA[osZaFw_pqReRIe6aPkjWTkr0ITAI]]></openid>
<out_trade_no><![CDATA[wh1902261619788734154]]></out_trade_no>
<result_code><![CDATA[SUCCESS]]></result_code>
<return_code><![CDATA[SUCCESS]]></return_code>
<sign><![CDATA[89F40B775499DED79DC6AE29E766D7A9]]></sign>
<time_end><![CDATA[20190226161959]]></time_end>
<total_fee>1</total_fee>
<trade_type><![CDATA[NATIVE]]></trade_type>
<transaction_id><![CDATA[4200000253201902261678969953]]></transaction_id>
</xml>

<<<<<<<2019-02-26 16:29:30
<xml><appid><![CDATA[wxd5af665b240b75d4]]></appid>
<bank_type><![CDATA[CFT]]></bank_type>
<cash_fee><![CDATA[1]]></cash_fee>
<fee_type><![CDATA[CNY]]></fee_type>
<is_subscribe><![CDATA[N]]></is_subscribe>
<mch_id><![CDATA[1500086022]]></mch_id>
<nonce_str><![CDATA[5tD9zFgGaCDIuKRx]]></nonce_str>
<openid><![CDATA[osZaFw_pqReRIe6aPkjWTkr0ITAI]]></openid>
<out_trade_no><![CDATA[wh1902261619788734154]]></out_trade_no>
<result_code><![CDATA[SUCCESS]]></result_code>
<return_code><![CDATA[SUCCESS]]></return_code>
<sign><![CDATA[89F40B775499DED79DC6AE29E766D7A9]]></sign>
<time_end><![CDATA[20190226161959]]></time_end>
<total_fee>1</total_fee>
<trade_type><![CDATA[NATIVE]]></trade_type>
<transaction_id><![CDATA[4200000253201902261678969953]]></transaction_id>
</xml>

<<<<<<<2019-02-26 16:30:23
<xml><appid><![CDATA[wxd5af665b240b75d4]]></appid>
<bank_type><![CDATA[CFT]]></bank_type>
<cash_fee><![CDATA[1]]></cash_fee>
<fee_type><![CDATA[CNY]]></fee_type>
<is_subscribe><![CDATA[N]]></is_subscribe>
<mch_id><![CDATA[1500086022]]></mch_id>
<nonce_str><![CDATA[5tD9zFgGaCDIuKRx]]></nonce_str>
<openid><![CDATA[osZaFw_pqReRIe6aPkjWTkr0ITAI]]></openid>
<out_trade_no><![CDATA[wh1902261619788734154]]></out_trade_no>
<result_code><![CDATA[SUCCESS]]></result_code>
<return_code><![CDATA[SUCCESS]]></return_code>
<sign><![CDATA[89F40B775499DED79DC6AE29E766D7A9]]></sign>
<time_end><![CDATA[20190226161959]]></time_end>
<total_fee>1</total_fee>
<trade_type><![CDATA[NATIVE]]></trade_type>
<transaction_id><![CDATA[4200000253201902261678969953]]></transaction_id>
</xml>

<<<<<<<2019-02-26 16:30:25
<xml><appid><![CDATA[wxd5af665b240b75d4]]></appid>
<bank_type><![CDATA[CFT]]></bank_type>
<cash_fee><![CDATA[1]]></cash_fee>
<fee_type><![CDATA[CNY]]></fee_type>
<is_subscribe><![CDATA[N]]></is_subscribe>
<mch_id><![CDATA[1500086022]]></mch_id>
<nonce_str><![CDATA[5tD9zFgGaCDIuKRx]]></nonce_str>
<openid><![CDATA[osZaFw_pqReRIe6aPkjWTkr0ITAI]]></openid>
<out_trade_no><![CDATA[wh1902261619788734154]]></out_trade_no>
<result_code><![CDATA[SUCCESS]]></result_code>
<return_code><![CDATA[SUCCESS]]></return_code>
<sign><![CDATA[89F40B775499DED79DC6AE29E766D7A9]]></sign>
<time_end><![CDATA[20190226161959]]></time_end>
<total_fee>1</total_fee>
<trade_type><![CDATA[NATIVE]]></trade_type>
<transaction_id><![CDATA[4200000253201902261678969953]]></transaction_id>
</xml>

<<<<<<<2019-02-26 16:31:11
<xml><appid><![CDATA[wxd5af665b240b75d4]]></appid>
<bank_type><![CDATA[CFT]]></bank_type>
<cash_fee><![CDATA[1]]></cash_fee>
<fee_type><![CDATA[CNY]]></fee_type>
<is_subscribe><![CDATA[N]]></is_subscribe>
<mch_id><![CDATA[1500086022]]></mch_id>
<nonce_str><![CDATA[5tD9zFgGaCDIuKRx]]></nonce_str>
<openid><![CDATA[osZaFw_pqReRIe6aPkjWTkr0ITAI]]></openid>
<out_trade_no><![CDATA[wh1902261619788734154]]></out_trade_no>
<result_code><![CDATA[SUCCESS]]></result_code>
<return_code><![CDATA[SUCCESS]]></return_code>
<sign><![CDATA[89F40B775499DED79DC6AE29E766D7A9]]></sign>
<time_end><![CDATA[20190226161959]]></time_end>
<total_fee>1</total_fee>
<trade_type><![CDATA[NATIVE]]></trade_type>
<transaction_id><![CDATA[4200000253201902261678969953]]></transaction_id>
</xml>

<<<<<<<